{"/home/stefu/projs/ts-modules/packages/sonr-validation/src/index.ts": {"path":"/home/stefu/projs/ts-modules/packages/sonr-validation/src/index.ts","statementMap":{"0":{"start":{"line":2,"column":22},"end":{"line":12,"column":3}},"1":{"start":{"line":3,"column":4},"end":{"line":3,"column":33}},"2":{"start":{"line":3,"column":26},"end":{"line":3,"column":33}},"3":{"start":{"line":4,"column":15},"end":{"line":4,"column":52}},"4":{"start":{"line":5,"column":4},"end":{"line":7,"column":5}},"5":{"start":{"line":6,"column":6},"end":{"line":6,"column":68}},"6":{"start":{"line":6,"column":51},"end":{"line":6,"column":63}},"7":{"start":{"line":8,"column":4},"end":{"line":8,"column":39}},"8":{"start":{"line":10,"column":4},"end":{"line":10,"column":33}},"9":{"start":{"line":10,"column":26},"end":{"line":10,"column":33}},"10":{"start":{"line":11,"column":4},"end":{"line":11,"column":17}},"11":{"start":{"line":13,"column":19},"end":{"line":15,"column":1}},"12":{"start":{"line":14,"column":4},"end":{"line":14,"column":126}},"13":{"start":{"line":14,"column":21},"end":{"line":14,"column":126}},"14":{"start":{"line":14,"column":95},"end":{"line":14,"column":126}},"15":{"start":{"line":16,"column":0},"end":{"line":16,"column":62}},"16":{"start":{"line":17,"column":0},"end":{"line":17,"column":47}}},"fnMap":{"0":{"name":"(anonymous_0)","decl":{"start":{"line":2,"column":74},"end":{"line":2,"column":75}},"loc":{"start":{"line":2,"column":96},"end":{"line":9,"column":1}},"line":2},"1":{"name":"(anonymous_1)","decl":{"start":{"line":6,"column":38},"end":{"line":6,"column":39}},"loc":{"start":{"line":6,"column":49},"end":{"line":6,"column":65}},"line":6},"2":{"name":"(anonymous_2)","decl":{"start":{"line":9,"column":6},"end":{"line":9,"column":7}},"loc":{"start":{"line":9,"column":28},"end":{"line":12,"column":1}},"line":9},"3":{"name":"(anonymous_3)","decl":{"start":{"line":13,"column":50},"end":{"line":13,"column":51}},"loc":{"start":{"line":13,"column":71},"end":{"line":15,"column":1}},"line":13}},"branchMap":{"0":{"loc":{"start":{"line":2,"column":22},"end":{"line":12,"column":3}},"type":"binary-expr","locations":[{"start":{"line":2,"column":23},"end":{"line":2,"column":27}},{"start":{"line":2,"column":31},"end":{"line":2,"column":51}},{"start":{"line":2,"column":57},"end":{"line":12,"column":2}}],"line":2},"1":{"loc":{"start":{"line":2,"column":57},"end":{"line":12,"column":2}},"type":"cond-expr","locations":[{"start":{"line":2,"column":74},"end":{"line":9,"column":1}},{"start":{"line":9,"column":6},"end":{"line":12,"column":1}}],"line":2},"2":{"loc":{"start":{"line":3,"column":4},"end":{"line":3,"column":33}},"type":"if","locations":[{"start":{"line":3,"column":4},"end":{"line":3,"column":33}},{"start":{},"end":{}}],"line":3},"3":{"loc":{"start":{"line":5,"column":4},"end":{"line":7,"column":5}},"type":"if","locations":[{"start":{"line":5,"column":4},"end":{"line":7,"column":5}},{"start":{},"end":{}}],"line":5},"4":{"loc":{"start":{"line":5,"column":8},"end":{"line":5,"column":85}},"type":"binary-expr","locations":[{"start":{"line":5,"column":8},"end":{"line":5,"column":13}},{"start":{"line":5,"column":18},"end":{"line":5,"column":84}}],"line":5},"5":{"loc":{"start":{"line":5,"column":18},"end":{"line":5,"column":84}},"type":"cond-expr","locations":[{"start":{"line":5,"column":34},"end":{"line":5,"column":47}},{"start":{"line":5,"column":50},"end":{"line":5,"column":84}}],"line":5},"6":{"loc":{"start":{"line":5,"column":50},"end":{"line":5,"column":84}},"type":"binary-expr","locations":[{"start":{"line":5,"column":50},"end":{"line":5,"column":63}},{"start":{"line":5,"column":67},"end":{"line":5,"column":84}}],"line":5},"7":{"loc":{"start":{"line":10,"column":4},"end":{"line":10,"column":33}},"type":"if","locations":[{"start":{"line":10,"column":4},"end":{"line":10,"column":33}},{"start":{},"end":{}}],"line":10},"8":{"loc":{"start":{"line":13,"column":19},"end":{"line":15,"column":1}},"type":"binary-expr","locations":[{"start":{"line":13,"column":20},"end":{"line":13,"column":24}},{"start":{"line":13,"column":28},"end":{"line":13,"column":45}},{"start":{"line":13,"column":50},"end":{"line":15,"column":1}}],"line":13},"9":{"loc":{"start":{"line":14,"column":21},"end":{"line":14,"column":126}},"type":"if","locations":[{"start":{"line":14,"column":21},"end":{"line":14,"column":126}},{"start":{},"end":{}}],"line":14},"10":{"loc":{"start":{"line":14,"column":25},"end":{"line":14,"column":93}},"type":"binary-expr","locations":[{"start":{"line":14,"column":25},"end":{"line":14,"column":40}},{"start":{"line":14,"column":44},"end":{"line":14,"column":93}}],"line":14}},"s":{"0":1,"1":9,"2":9,"3":9,"4":9,"5":9,"6":29,"7":9,"8":0,"9":0,"10":0,"11":1,"12":1,"13":9,"14":9,"15":1,"16":1},"f":{"0":9,"1":29,"2":0,"3":1},"b":{"0":[1,1,1],"1":[1,0],"2":[9,0],"3":[9,0],"4":[9,9],"5":[0,9],"6":[9,0],"7":[0,0],"8":[1,1,1],"9":[9,0],"10":[9,9]},"inputSourceMap":null,"_coverageSchema":"1a1c01bbd47fc00a2c39e90264f33305004495a9","hash":"230476fa8b2a5df3e4e3cc134daf6e1b32e15452"}
,"/home/stefu/projs/ts-modules/packages/sonr-validation/src/validation.ts": {"path":"/home/stefu/projs/ts-modules/packages/sonr-validation/src/validation.ts","statementMap":{"0":{"start":{"line":2,"column":0},"end":{"line":2,"column":62}},"1":{"start":{"line":3,"column":0},"end":{"line":3,"column":290}},"2":{"start":{"line":4,"column":17},"end":{"line":4,"column":36}},"3":{"start":{"line":5,"column":42},"end":{"line":5,"column":93}},"4":{"start":{"line":6,"column":30},"end":{"line":6,"column":69}},"5":{"start":{"line":7,"column":42},"end":{"line":7,"column":93}},"6":{"start":{"line":8,"column":33},"end":{"line":8,"column":75}},"7":{"start":{"line":9,"column":30},"end":{"line":9,"column":69}},"8":{"start":{"line":10,"column":21},"end":{"line":10,"column":51}},"9":{"start":{"line":11,"column":19},"end":{"line":11,"column":47}},"10":{"start":{"line":13,"column":4},"end":{"line":14,"column":50}},"11":{"start":{"line":14,"column":8},"end":{"line":14,"column":50}},"12":{"start":{"line":15,"column":22},"end":{"line":15,"column":63}},"13":{"start":{"line":16,"column":20},"end":{"line":16,"column":53}},"14":{"start":{"line":17,"column":4},"end":{"line":17,"column":130}},"15":{"start":{"line":19,"column":0},"end":{"line":19,"column":44}},"16":{"start":{"line":22,"column":25},"end":{"line":22,"column":61}},"17":{"start":{"line":23,"column":4},"end":{"line":25,"column":5}},"18":{"start":{"line":24,"column":8},"end":{"line":24,"column":50}},"19":{"start":{"line":27,"column":17},"end":{"line":27,"column":79}},"20":{"start":{"line":28,"column":4},"end":{"line":28,"column":34}},"21":{"start":{"line":30,"column":0},"end":{"line":30,"column":50}},"22":{"start":{"line":32,"column":4},"end":{"line":33,"column":50}},"23":{"start":{"line":33,"column":8},"end":{"line":33,"column":50}},"24":{"start":{"line":34,"column":4},"end":{"line":34,"column":16}},"25":{"start":{"line":36,"column":0},"end":{"line":36,"column":32}},"26":{"start":{"line":38,"column":4},"end":{"line":39,"column":68}},"27":{"start":{"line":39,"column":8},"end":{"line":39,"column":68}},"28":{"start":{"line":40,"column":4},"end":{"line":40,"column":16}},"29":{"start":{"line":42,"column":0},"end":{"line":42,"column":70}},"30":{"start":{"line":44,"column":4},"end":{"line":45,"column":74}},"31":{"start":{"line":45,"column":8},"end":{"line":45,"column":74}},"32":{"start":{"line":46,"column":4},"end":{"line":46,"column":16}},"33":{"start":{"line":48,"column":0},"end":{"line":48,"column":54}},"34":{"start":{"line":50,"column":4},"end":{"line":51,"column":92}},"35":{"start":{"line":51,"column":8},"end":{"line":51,"column":92}},"36":{"start":{"line":52,"column":4},"end":{"line":52,"column":16}},"37":{"start":{"line":54,"column":0},"end":{"line":54,"column":74}},"38":{"start":{"line":56,"column":4},"end":{"line":57,"column":92}},"39":{"start":{"line":57,"column":8},"end":{"line":57,"column":92}},"40":{"start":{"line":58,"column":4},"end":{"line":58,"column":16}},"41":{"start":{"line":60,"column":0},"end":{"line":60,"column":74}},"42":{"start":{"line":62,"column":4},"end":{"line":63,"column":68}},"43":{"start":{"line":63,"column":8},"end":{"line":63,"column":68}},"44":{"start":{"line":64,"column":4},"end":{"line":64,"column":16}},"45":{"start":{"line":66,"column":0},"end":{"line":66,"column":50}},"46":{"start":{"line":68,"column":4},"end":{"line":69,"column":46}},"47":{"start":{"line":69,"column":8},"end":{"line":69,"column":46}},"48":{"start":{"line":70,"column":4},"end":{"line":70,"column":16}},"49":{"start":{"line":72,"column":0},"end":{"line":72,"column":28}}},"fnMap":{"0":{"name":"ValidateUserName","decl":{"start":{"line":12,"column":9},"end":{"line":12,"column":25}},"loc":{"start":{"line":12,"column":36},"end":{"line":18,"column":1}},"line":12},"1":{"name":"ValidateDisplayName","decl":{"start":{"line":20,"column":9},"end":{"line":20,"column":28}},"loc":{"start":{"line":20,"column":42},"end":{"line":29,"column":1}},"line":20},"2":{"name":"IsRequired","decl":{"start":{"line":31,"column":9},"end":{"line":31,"column":19}},"loc":{"start":{"line":31,"column":27},"end":{"line":35,"column":1}},"line":31},"3":{"name":"HasAtLeastOneSpecialCharacter","decl":{"start":{"line":37,"column":9},"end":{"line":37,"column":38}},"loc":{"start":{"line":37,"column":44},"end":{"line":41,"column":1}},"line":37},"4":{"name":"HasNoSpecialCharacter","decl":{"start":{"line":43,"column":9},"end":{"line":43,"column":30}},"loc":{"start":{"line":43,"column":36},"end":{"line":47,"column":1}},"line":43},"5":{"name":"HasAtLeastOneUppercaseCharacter","decl":{"start":{"line":49,"column":9},"end":{"line":49,"column":40}},"loc":{"start":{"line":49,"column":46},"end":{"line":53,"column":1}},"line":49},"6":{"name":"HasAtLeastOneLowercaseCharacter","decl":{"start":{"line":55,"column":9},"end":{"line":55,"column":40}},"loc":{"start":{"line":55,"column":46},"end":{"line":59,"column":1}},"line":55},"7":{"name":"HasAtLeastOneNumber","decl":{"start":{"line":61,"column":9},"end":{"line":61,"column":28}},"loc":{"start":{"line":61,"column":34},"end":{"line":65,"column":1}},"line":61},"8":{"name":"NoSpaces","decl":{"start":{"line":67,"column":9},"end":{"line":67,"column":17}},"loc":{"start":{"line":67,"column":25},"end":{"line":71,"column":1}},"line":67}},"branchMap":{"0":{"loc":{"start":{"line":13,"column":4},"end":{"line":14,"column":50}},"type":"if","locations":[{"start":{"line":13,"column":4},"end":{"line":14,"column":50}},{"start":{},"end":{}}],"line":13},"1":{"loc":{"start":{"line":13,"column":8},"end":{"line":13,"column":45}},"type":"binary-expr","locations":[{"start":{"line":13,"column":8},"end":{"line":13,"column":22}},{"start":{"line":13,"column":26},"end":{"line":13,"column":45}}],"line":13},"2":{"loc":{"start":{"line":17,"column":11},"end":{"line":17,"column":129}},"type":"cond-expr","locations":[{"start":{"line":17,"column":85},"end":{"line":17,"column":89}},{"start":{"line":17,"column":92},"end":{"line":17,"column":129}}],"line":17},"3":{"loc":{"start":{"line":17,"column":12},"end":{"line":17,"column":75}},"type":"cond-expr","locations":[{"start":{"line":17,"column":53},"end":{"line":17,"column":59}},{"start":{"line":17,"column":62},"end":{"line":17,"column":75}}],"line":17},"4":{"loc":{"start":{"line":17,"column":12},"end":{"line":17,"column":50}},"type":"binary-expr","locations":[{"start":{"line":17,"column":12},"end":{"line":17,"column":28}},{"start":{"line":17,"column":32},"end":{"line":17,"column":50}}],"line":17},"5":{"loc":{"start":{"line":23,"column":4},"end":{"line":25,"column":5}},"type":"if","locations":[{"start":{"line":23,"column":4},"end":{"line":25,"column":5}},{"start":{},"end":{}}],"line":23},"6":{"loc":{"start":{"line":27,"column":17},"end":{"line":27,"column":79}},"type":"cond-expr","locations":[{"start":{"line":27,"column":59},"end":{"line":27,"column":74}},{"start":{"line":27,"column":77},"end":{"line":27,"column":79}}],"line":27},"7":{"loc":{"start":{"line":27,"column":17},"end":{"line":27,"column":56}},"type":"binary-expr","locations":[{"start":{"line":27,"column":17},"end":{"line":27,"column":29}},{"start":{"line":27,"column":33},"end":{"line":27,"column":56}}],"line":27},"8":{"loc":{"start":{"line":32,"column":4},"end":{"line":33,"column":50}},"type":"if","locations":[{"start":{"line":32,"column":4},"end":{"line":33,"column":50}},{"start":{},"end":{}}],"line":32},"9":{"loc":{"start":{"line":38,"column":4},"end":{"line":39,"column":68}},"type":"if","locations":[{"start":{"line":38,"column":4},"end":{"line":39,"column":68}},{"start":{},"end":{}}],"line":38},"10":{"loc":{"start":{"line":44,"column":4},"end":{"line":45,"column":74}},"type":"if","locations":[{"start":{"line":44,"column":4},"end":{"line":45,"column":74}},{"start":{},"end":{}}],"line":44},"11":{"loc":{"start":{"line":50,"column":4},"end":{"line":51,"column":92}},"type":"if","locations":[{"start":{"line":50,"column":4},"end":{"line":51,"column":92}},{"start":{},"end":{}}],"line":50},"12":{"loc":{"start":{"line":56,"column":4},"end":{"line":57,"column":92}},"type":"if","locations":[{"start":{"line":56,"column":4},"end":{"line":57,"column":92}},{"start":{},"end":{}}],"line":56},"13":{"loc":{"start":{"line":62,"column":4},"end":{"line":63,"column":68}},"type":"if","locations":[{"start":{"line":62,"column":4},"end":{"line":63,"column":68}},{"start":{},"end":{}}],"line":62},"14":{"loc":{"start":{"line":68,"column":4},"end":{"line":69,"column":46}},"type":"if","locations":[{"start":{"line":68,"column":4},"end":{"line":69,"column":46}},{"start":{},"end":{}}],"line":68}},"s":{"0":1,"1":1,"2":1,"3":1,"4":1,"5":1,"6":1,"7":1,"8":1,"9":1,"10":6,"11":1,"12":5,"13":5,"14":5,"15":1,"16":5,"17":5,"18":1,"19":4,"20":4,"21":1,"22":2,"23":1,"24":1,"25":1,"26":3,"27":1,"28":2,"29":1,"30":2,"31":1,"32":1,"33":1,"34":4,"35":1,"36":3,"37":1,"38":4,"39":1,"40":3,"41":1,"42":3,"43":1,"44":2,"45":1,"46":4,"47":3,"48":1,"49":1},"f":{"0":6,"1":5,"2":2,"3":3,"4":2,"5":4,"6":4,"7":3,"8":4},"b":{"0":[1,5],"1":[6,6],"2":[3,2],"3":[2,3],"4":[5,3],"5":[1,4],"6":[4,0],"7":[4,4],"8":[1,1],"9":[1,2],"10":[1,1],"11":[1,3],"12":[1,3],"13":[1,2],"14":[3,1]},"inputSourceMap":null,"_coverageSchema":"1a1c01bbd47fc00a2c39e90264f33305004495a9","hash":"9fedb514f2e4dc2b41f48449985d724b57df7c2b"}
,"/home/stefu/projs/ts-modules/packages/sonr-webauthn/src/authenticate.ts": {"path":"/home/stefu/projs/ts-modules/packages/sonr-webauthn/src/authenticate.ts","statementMap":{"0":{"start":{"line":2,"column":0},"end":{"line":2,"column":62}},"1":{"start":{"line":3,"column":0},"end":{"line":3,"column":32}},"2":{"start":{"line":4,"column":22},"end":{"line":4,"column":46}},"3":{"start":{"line":5,"column":19},"end":{"line":5,"column":40}},"4":{"start":{"line":6,"column":16},"end":{"line":6,"column":34}},"5":{"start":{"line":14,"column":4},"end":{"line":15,"column":67}},"6":{"start":{"line":15,"column":8},"end":{"line":15,"column":67}},"7":{"start":{"line":16,"column":4},"end":{"line":34,"column":5}},"8":{"start":{"line":17,"column":22},"end":{"line":17,"column":54}},"9":{"start":{"line":18,"column":27},"end":{"line":18,"column":53}},"10":{"start":{"line":19,"column":8},"end":{"line":19,"column":45}},"11":{"start":{"line":20,"column":8},"end":{"line":20,"column":48}},"12":{"start":{"line":21,"column":8},"end":{"line":21,"column":45}},"13":{"start":{"line":22,"column":27},"end":{"line":22,"column":51}},"14":{"start":{"line":23,"column":8},"end":{"line":23,"column":138}},"15":{"start":{"line":24,"column":30},"end":{"line":24,"column":88}},"16":{"start":{"line":25,"column":23},"end":{"line":27,"column":10}},"17":{"start":{"line":28,"column":8},"end":{"line":28,"column":59}},"18":{"start":{"line":29,"column":8},"end":{"line":29,"column":139}},"19":{"start":{"line":30,"column":8},"end":{"line":30,"column":29}},"20":{"start":{"line":33,"column":8},"end":{"line":33,"column":25}},"21":{"start":{"line":36,"column":0},"end":{"line":36,"column":40}}},"fnMap":{"0":{"name":"startUserLogin","decl":{"start":{"line":12,"column":15},"end":{"line":12,"column":29}},"loc":{"start":{"line":12,"column":39},"end":{"line":35,"column":1}},"line":12}},"branchMap":{"0":{"loc":{"start":{"line":14,"column":4},"end":{"line":15,"column":67}},"type":"if","locations":[{"start":{"line":14,"column":4},"end":{"line":15,"column":67}},{"start":{},"end":{}}],"line":14},"1":{"loc":{"start":{"line":23,"column":8},"end":{"line":23,"column":137}},"type":"cond-expr","locations":[{"start":{"line":23,"column":113},"end":{"line":23,"column":119}},{"start":{"line":23,"column":122},"end":{"line":23,"column":137}}],"line":23},"2":{"loc":{"start":{"line":23,"column":8},"end":{"line":23,"column":110}},"type":"binary-expr","locations":[{"start":{"line":23,"column":8},"end":{"line":23,"column":93}},{"start":{"line":23,"column":97},"end":{"line":23,"column":110}}],"line":23},"3":{"loc":{"start":{"line":23,"column":14},"end":{"line":23,"column":83}},"type":"cond-expr","locations":[{"start":{"line":23,"column":55},"end":{"line":23,"column":61}},{"start":{"line":23,"column":64},"end":{"line":23,"column":83}}],"line":23},"4":{"loc":{"start":{"line":23,"column":14},"end":{"line":23,"column":52}},"type":"binary-expr","locations":[{"start":{"line":23,"column":14},"end":{"line":23,"column":30}},{"start":{"line":23,"column":34},"end":{"line":23,"column":52}}],"line":23},"5":{"loc":{"start":{"line":29,"column":8},"end":{"line":29,"column":138}},"type":"cond-expr","locations":[{"start":{"line":29,"column":113},"end":{"line":29,"column":119}},{"start":{"line":29,"column":122},"end":{"line":29,"column":138}}],"line":29},"6":{"loc":{"start":{"line":29,"column":8},"end":{"line":29,"column":110}},"type":"binary-expr","locations":[{"start":{"line":29,"column":8},"end":{"line":29,"column":93}},{"start":{"line":29,"column":97},"end":{"line":29,"column":110}}],"line":29},"7":{"loc":{"start":{"line":29,"column":14},"end":{"line":29,"column":83}},"type":"cond-expr","locations":[{"start":{"line":29,"column":55},"end":{"line":29,"column":61}},{"start":{"line":29,"column":64},"end":{"line":29,"column":83}}],"line":29},"8":{"loc":{"start":{"line":29,"column":14},"end":{"line":29,"column":52}},"type":"binary-expr","locations":[{"start":{"line":29,"column":14},"end":{"line":29,"column":30}},{"start":{"line":29,"column":34},"end":{"line":29,"column":52}}],"line":29}},"s":{"0":0,"1":0,"2":0,"3":0,"4":0,"5":0,"6":0,"7":0,"8":0,"9":0,"10":0,"11":0,"12":0,"13":0,"14":0,"15":0,"16":0,"17":0,"18":0,"19":0,"20":0,"21":0},"f":{"0":0},"b":{"0":[0,0],"1":[0,0],"2":[0,0],"3":[0,0],"4":[0,0],"5":[0,0],"6":[0,0],"7":[0,0],"8":[0,0]},"inputSourceMap":null}
,"/home/stefu/projs/ts-modules/packages/sonr-webauthn/src/constants.ts": {"path":"/home/stefu/projs/ts-modules/packages/sonr-webauthn/src/constants.ts","statementMap":{"0":{"start":{"line":2,"column":0},"end":{"line":2,"column":62}},"1":{"start":{"line":3,"column":0},"end":{"line":3,"column":159}},"2":{"start":{"line":4,"column":0},"end":{"line":4,"column":37}},"3":{"start":{"line":5,"column":0},"end":{"line":5,"column":65}},"4":{"start":{"line":6,"column":0},"end":{"line":6,"column":60}},"5":{"start":{"line":7,"column":0},"end":{"line":7,"column":62}},"6":{"start":{"line":8,"column":0},"end":{"line":8,"column":64}}},"fnMap":{},"branchMap":{},"s":{"0":0,"1":0,"2":0,"3":0,"4":0,"5":0,"6":0},"f":{},"b":{},"inputSourceMap":null}
,"/home/stefu/projs/ts-modules/packages/sonr-webauthn/src/credentials.ts": {"path":"/home/stefu/projs/ts-modules/packages/sonr-webauthn/src/credentials.ts","statementMap":{"0":{"start":{"line":2,"column":0},"end":{"line":2,"column":62}},"1":{"start":{"line":3,"column":0},"end":{"line":3,"column":87}},"2":{"start":{"line":4,"column":16},"end":{"line":4,"column":34}},"3":{"start":{"line":5,"column":16},"end":{"line":5,"column":34}},"4":{"start":{"line":10,"column":4},"end":{"line":23,"column":5}},"5":{"start":{"line":11,"column":31},"end":{"line":11,"column":67}},"6":{"start":{"line":12,"column":8},"end":{"line":14,"column":68}},"7":{"start":{"line":14,"column":12},"end":{"line":14,"column":68}},"8":{"start":{"line":15,"column":21},"end":{"line":17,"column":10}},"9":{"start":{"line":18,"column":8},"end":{"line":18,"column":20}},"10":{"start":{"line":21,"column":8},"end":{"line":21,"column":82}},"11":{"start":{"line":22,"column":8},"end":{"line":22,"column":16}},"12":{"start":{"line":25,"column":0},"end":{"line":25,"column":46}},"13":{"start":{"line":31,"column":4},"end":{"line":32,"column":15}},"14":{"start":{"line":32,"column":8},"end":{"line":32,"column":15}},"15":{"start":{"line":33,"column":4},"end":{"line":46,"column":5}},"16":{"start":{"line":34,"column":31},"end":{"line":34,"column":67}},"17":{"start":{"line":35,"column":8},"end":{"line":37,"column":68}},"18":{"start":{"line":37,"column":12},"end":{"line":37,"column":68}},"19":{"start":{"line":38,"column":29},"end":{"line":40,"column":10}},"20":{"start":{"line":41,"column":8},"end":{"line":41,"column":28}},"21":{"start":{"line":44,"column":8},"end":{"line":44,"column":81}},"22":{"start":{"line":45,"column":8},"end":{"line":45,"column":16}},"23":{"start":{"line":48,"column":0},"end":{"line":48,"column":40}},"24":{"start":{"line":54,"column":4},"end":{"line":55,"column":15}},"25":{"start":{"line":55,"column":8},"end":{"line":55,"column":15}},"26":{"start":{"line":56,"column":4},"end":{"line":67,"column":5}},"27":{"start":{"line":57,"column":31},"end":{"line":57,"column":67}},"28":{"start":{"line":58,"column":8},"end":{"line":60,"column":68}},"29":{"start":{"line":60,"column":12},"end":{"line":60,"column":68}},"30":{"start":{"line":61,"column":29},"end":{"line":61,"column":74}},"31":{"start":{"line":62,"column":8},"end":{"line":62,"column":28}},"32":{"start":{"line":65,"column":8},"end":{"line":65,"column":81}},"33":{"start":{"line":66,"column":8},"end":{"line":66,"column":16}},"34":{"start":{"line":69,"column":0},"end":{"line":69,"column":44}}},"fnMap":{"0":{"name":"createCredentials","decl":{"start":{"line":9,"column":15},"end":{"line":9,"column":32}},"loc":{"start":{"line":9,"column":42},"end":{"line":24,"column":1}},"line":9},"1":{"name":"getCredentials","decl":{"start":{"line":30,"column":15},"end":{"line":30,"column":29}},"loc":{"start":{"line":30,"column":34},"end":{"line":47,"column":1}},"line":30},"2":{"name":"storeCredentials","decl":{"start":{"line":53,"column":15},"end":{"line":53,"column":31}},"loc":{"start":{"line":53,"column":44},"end":{"line":68,"column":1}},"line":53}},"branchMap":{"0":{"loc":{"start":{"line":12,"column":8},"end":{"line":14,"column":68}},"type":"if","locations":[{"start":{"line":12,"column":8},"end":{"line":14,"column":68}},{"start":{},"end":{}}],"line":12},"1":{"loc":{"start":{"line":12,"column":12},"end":{"line":13,"column":67}},"type":"binary-expr","locations":[{"start":{"line":12,"column":12},"end":{"line":12,"column":61}},{"start":{"line":13,"column":15},"end":{"line":13,"column":67}}],"line":12},"2":{"loc":{"start":{"line":31,"column":4},"end":{"line":32,"column":15}},"type":"if","locations":[{"start":{"line":31,"column":4},"end":{"line":32,"column":15}},{"start":{},"end":{}}],"line":31},"3":{"loc":{"start":{"line":35,"column":8},"end":{"line":37,"column":68}},"type":"if","locations":[{"start":{"line":35,"column":8},"end":{"line":37,"column":68}},{"start":{},"end":{}}],"line":35},"4":{"loc":{"start":{"line":35,"column":12},"end":{"line":36,"column":67}},"type":"binary-expr","locations":[{"start":{"line":35,"column":12},"end":{"line":35,"column":61}},{"start":{"line":36,"column":15},"end":{"line":36,"column":67}}],"line":35},"5":{"loc":{"start":{"line":54,"column":4},"end":{"line":55,"column":15}},"type":"if","locations":[{"start":{"line":54,"column":4},"end":{"line":55,"column":15}},{"start":{},"end":{}}],"line":54},"6":{"loc":{"start":{"line":58,"column":8},"end":{"line":60,"column":68}},"type":"if","locations":[{"start":{"line":58,"column":8},"end":{"line":60,"column":68}},{"start":{},"end":{}}],"line":58},"7":{"loc":{"start":{"line":58,"column":12},"end":{"line":59,"column":67}},"type":"binary-expr","locations":[{"start":{"line":58,"column":12},"end":{"line":58,"column":61}},{"start":{"line":59,"column":15},"end":{"line":59,"column":67}}],"line":58}},"s":{"0":0,"1":0,"2":0,"3":0,"4":0,"5":0,"6":0,"7":0,"8":0,"9":0,"10":0,"11":0,"12":0,"13":0,"14":0,"15":0,"16":0,"17":0,"18":0,"19":0,"20":0,"21":0,"22":0,"23":0,"24":0,"25":0,"26":0,"27":0,"28":0,"29":0,"30":0,"31":0,"32":0,"33":0,"34":0},"f":{"0":0,"1":0,"2":0},"b":{"0":[0,0],"1":[0,0],"2":[0,0],"3":[0,0],"4":[0,0],"5":[0,0],"6":[0,0],"7":[0,0]},"inputSourceMap":null}
,"/home/stefu/projs/ts-modules/packages/sonr-webauthn/src/enums.ts": {"path":"/home/stefu/projs/ts-modules/packages/sonr-webauthn/src/enums.ts","statementMap":{"0":{"start":{"line":2,"column":0},"end":{"line":2,"column":62}},"1":{"start":{"line":3,"column":0},"end":{"line":3,"column":32}},"2":{"start":{"line":5,"column":0},"end":{"line":9,"column":77}},"3":{"start":{"line":6,"column":4},"end":{"line":6,"column":66}},"4":{"start":{"line":7,"column":4},"end":{"line":7,"column":70}},"5":{"start":{"line":8,"column":4},"end":{"line":8,"column":64}}},"fnMap":{"0":{"name":"(anonymous_0)","decl":{"start":{"line":5,"column":1},"end":{"line":5,"column":2}},"loc":{"start":{"line":5,"column":27},"end":{"line":9,"column":1}},"line":5}},"branchMap":{"0":{"loc":{"start":{"line":9,"column":20},"end":{"line":9,"column":75}},"type":"binary-expr","locations":[{"start":{"line":9,"column":20},"end":{"line":9,"column":42}},{"start":{"line":9,"column":47},"end":{"line":9,"column":74}}],"line":9}},"s":{"0":0,"1":0,"2":0,"3":0,"4":0,"5":0},"f":{"0":0},"b":{"0":[0,0]},"inputSourceMap":null}
,"/home/stefu/projs/ts-modules/packages/sonr-webauthn/src/index.ts": {"path":"/home/stefu/projs/ts-modules/packages/sonr-webauthn/src/index.ts","statementMap":{"0":{"start":{"line":2,"column":22},"end":{"line":12,"column":3}},"1":{"start":{"line":3,"column":4},"end":{"line":3,"column":33}},"2":{"start":{"line":3,"column":26},"end":{"line":3,"column":33}},"3":{"start":{"line":4,"column":15},"end":{"line":4,"column":52}},"4":{"start":{"line":5,"column":4},"end":{"line":7,"column":5}},"5":{"start":{"line":6,"column":6},"end":{"line":6,"column":68}},"6":{"start":{"line":6,"column":51},"end":{"line":6,"column":63}},"7":{"start":{"line":8,"column":4},"end":{"line":8,"column":39}},"8":{"start":{"line":10,"column":4},"end":{"line":10,"column":33}},"9":{"start":{"line":10,"column":26},"end":{"line":10,"column":33}},"10":{"start":{"line":11,"column":4},"end":{"line":11,"column":17}},"11":{"start":{"line":13,"column":19},"end":{"line":15,"column":1}},"12":{"start":{"line":14,"column":4},"end":{"line":14,"column":126}},"13":{"start":{"line":14,"column":21},"end":{"line":14,"column":126}},"14":{"start":{"line":14,"column":95},"end":{"line":14,"column":126}},"15":{"start":{"line":16,"column":0},"end":{"line":16,"column":62}},"16":{"start":{"line":17,"column":0},"end":{"line":17,"column":45}},"17":{"start":{"line":18,"column":0},"end":{"line":18,"column":49}}},"fnMap":{"0":{"name":"(anonymous_0)","decl":{"start":{"line":2,"column":74},"end":{"line":2,"column":75}},"loc":{"start":{"line":2,"column":96},"end":{"line":9,"column":1}},"line":2},"1":{"name":"(anonymous_1)","decl":{"start":{"line":6,"column":38},"end":{"line":6,"column":39}},"loc":{"start":{"line":6,"column":49},"end":{"line":6,"column":65}},"line":6},"2":{"name":"(anonymous_2)","decl":{"start":{"line":9,"column":6},"end":{"line":9,"column":7}},"loc":{"start":{"line":9,"column":28},"end":{"line":12,"column":1}},"line":9},"3":{"name":"(anonymous_3)","decl":{"start":{"line":13,"column":50},"end":{"line":13,"column":51}},"loc":{"start":{"line":13,"column":71},"end":{"line":15,"column":1}},"line":13}},"branchMap":{"0":{"loc":{"start":{"line":2,"column":22},"end":{"line":12,"column":3}},"type":"binary-expr","locations":[{"start":{"line":2,"column":23},"end":{"line":2,"column":27}},{"start":{"line":2,"column":31},"end":{"line":2,"column":51}},{"start":{"line":2,"column":57},"end":{"line":12,"column":2}}],"line":2},"1":{"loc":{"start":{"line":2,"column":57},"end":{"line":12,"column":2}},"type":"cond-expr","locations":[{"start":{"line":2,"column":74},"end":{"line":9,"column":1}},{"start":{"line":9,"column":6},"end":{"line":12,"column":1}}],"line":2},"2":{"loc":{"start":{"line":3,"column":4},"end":{"line":3,"column":33}},"type":"if","locations":[{"start":{"line":3,"column":4},"end":{"line":3,"column":33}},{"start":{},"end":{}}],"line":3},"3":{"loc":{"start":{"line":5,"column":4},"end":{"line":7,"column":5}},"type":"if","locations":[{"start":{"line":5,"column":4},"end":{"line":7,"column":5}},{"start":{},"end":{}}],"line":5},"4":{"loc":{"start":{"line":5,"column":8},"end":{"line":5,"column":85}},"type":"binary-expr","locations":[{"start":{"line":5,"column":8},"end":{"line":5,"column":13}},{"start":{"line":5,"column":18},"end":{"line":5,"column":84}}],"line":5},"5":{"loc":{"start":{"line":5,"column":18},"end":{"line":5,"column":84}},"type":"cond-expr","locations":[{"start":{"line":5,"column":34},"end":{"line":5,"column":47}},{"start":{"line":5,"column":50},"end":{"line":5,"column":84}}],"line":5},"6":{"loc":{"start":{"line":5,"column":50},"end":{"line":5,"column":84}},"type":"binary-expr","locations":[{"start":{"line":5,"column":50},"end":{"line":5,"column":63}},{"start":{"line":5,"column":67},"end":{"line":5,"column":84}}],"line":5},"7":{"loc":{"start":{"line":10,"column":4},"end":{"line":10,"column":33}},"type":"if","locations":[{"start":{"line":10,"column":4},"end":{"line":10,"column":33}},{"start":{},"end":{}}],"line":10},"8":{"loc":{"start":{"line":13,"column":19},"end":{"line":15,"column":1}},"type":"binary-expr","locations":[{"start":{"line":13,"column":20},"end":{"line":13,"column":24}},{"start":{"line":13,"column":28},"end":{"line":13,"column":45}},{"start":{"line":13,"column":50},"end":{"line":15,"column":1}}],"line":13},"9":{"loc":{"start":{"line":14,"column":21},"end":{"line":14,"column":126}},"type":"if","locations":[{"start":{"line":14,"column":21},"end":{"line":14,"column":126}},{"start":{},"end":{}}],"line":14},"10":{"loc":{"start":{"line":14,"column":25},"end":{"line":14,"column":93}},"type":"binary-expr","locations":[{"start":{"line":14,"column":25},"end":{"line":14,"column":40}},{"start":{"line":14,"column":44},"end":{"line":14,"column":93}}],"line":14}},"s":{"0":0,"1":0,"2":0,"3":0,"4":0,"5":0,"6":0,"7":0,"8":0,"9":0,"10":0,"11":0,"12":0,"13":0,"14":0,"15":0,"16":0,"17":0},"f":{"0":0,"1":0,"2":0,"3":0},"b":{"0":[0,0,0],"1":[0,0],"2":[0,0],"3":[0,0],"4":[0,0],"5":[0,0],"6":[0,0],"7":[0,0],"8":[0,0,0],"9":[0,0],"10":[0,0]},"inputSourceMap":null}
,"/home/stefu/projs/ts-modules/packages/sonr-webauthn/src/register.ts": {"path":"/home/stefu/projs/ts-modules/packages/sonr-webauthn/src/register.ts","statementMap":{"0":{"start":{"line":2,"column":0},"end":{"line":2,"column":62}},"1":{"start":{"line":3,"column":0},"end":{"line":3,"column":39}},"2":{"start":{"line":4,"column":22},"end":{"line":4,"column":46}},"3":{"start":{"line":5,"column":19},"end":{"line":5,"column":40}},"4":{"start":{"line":6,"column":16},"end":{"line":6,"column":34}},"5":{"start":{"line":14,"column":4},"end":{"line":15,"column":67}},"6":{"start":{"line":15,"column":8},"end":{"line":15,"column":67}},"7":{"start":{"line":16,"column":4},"end":{"line":35,"column":5}},"8":{"start":{"line":17,"column":22},"end":{"line":17,"column":54}},"9":{"start":{"line":18,"column":27},"end":{"line":18,"column":53}},"10":{"start":{"line":19,"column":8},"end":{"line":19,"column":45}},"11":{"start":{"line":20,"column":8},"end":{"line":20,"column":48}},"12":{"start":{"line":21,"column":8},"end":{"line":21,"column":45}},"13":{"start":{"line":22,"column":27},"end":{"line":22,"column":58}},"14":{"start":{"line":23,"column":8},"end":{"line":23,"column":144}},"15":{"start":{"line":24,"column":30},"end":{"line":24,"column":84}},"16":{"start":{"line":25,"column":8},"end":{"line":25,"column":64}},"17":{"start":{"line":26,"column":8},"end":{"line":26,"column":35}},"18":{"start":{"line":27,"column":8},"end":{"line":27,"column":54}},"19":{"start":{"line":28,"column":21},"end":{"line":28,"column":53}},"20":{"start":{"line":29,"column":8},"end":{"line":29,"column":145}},"21":{"start":{"line":30,"column":8},"end":{"line":30,"column":27}},"22":{"start":{"line":33,"column":8},"end":{"line":33,"column":64}},"23":{"start":{"line":34,"column":8},"end":{"line":34,"column":16}},"24":{"start":{"line":37,"column":0},"end":{"line":37,"column":54}}},"fnMap":{"0":{"name":"startUserRegistration","decl":{"start":{"line":12,"column":15},"end":{"line":12,"column":36}},"loc":{"start":{"line":12,"column":46},"end":{"line":36,"column":1}},"line":12}},"branchMap":{"0":{"loc":{"start":{"line":14,"column":4},"end":{"line":15,"column":67}},"type":"if","locations":[{"start":{"line":14,"column":4},"end":{"line":15,"column":67}},{"start":{},"end":{}}],"line":14},"1":{"loc":{"start":{"line":23,"column":8},"end":{"line":23,"column":143}},"type":"cond-expr","locations":[{"start":{"line":23,"column":119},"end":{"line":23,"column":125}},{"start":{"line":23,"column":128},"end":{"line":23,"column":143}}],"line":23},"2":{"loc":{"start":{"line":23,"column":8},"end":{"line":23,"column":116}},"type":"binary-expr","locations":[{"start":{"line":23,"column":8},"end":{"line":23,"column":99}},{"start":{"line":23,"column":103},"end":{"line":23,"column":116}}],"line":23},"3":{"loc":{"start":{"line":23,"column":14},"end":{"line":23,"column":89}},"type":"cond-expr","locations":[{"start":{"line":23,"column":55},"end":{"line":23,"column":61}},{"start":{"line":23,"column":64},"end":{"line":23,"column":89}}],"line":23},"4":{"loc":{"start":{"line":23,"column":14},"end":{"line":23,"column":52}},"type":"binary-expr","locations":[{"start":{"line":23,"column":14},"end":{"line":23,"column":30}},{"start":{"line":23,"column":34},"end":{"line":23,"column":52}}],"line":23},"5":{"loc":{"start":{"line":29,"column":8},"end":{"line":29,"column":144}},"type":"cond-expr","locations":[{"start":{"line":29,"column":119},"end":{"line":29,"column":125}},{"start":{"line":29,"column":128},"end":{"line":29,"column":144}}],"line":29},"6":{"loc":{"start":{"line":29,"column":8},"end":{"line":29,"column":116}},"type":"binary-expr","locations":[{"start":{"line":29,"column":8},"end":{"line":29,"column":99}},{"start":{"line":29,"column":103},"end":{"line":29,"column":116}}],"line":29},"7":{"loc":{"start":{"line":29,"column":14},"end":{"line":29,"column":89}},"type":"cond-expr","locations":[{"start":{"line":29,"column":55},"end":{"line":29,"column":61}},{"start":{"line":29,"column":64},"end":{"line":29,"column":89}}],"line":29},"8":{"loc":{"start":{"line":29,"column":14},"end":{"line":29,"column":52}},"type":"binary-expr","locations":[{"start":{"line":29,"column":14},"end":{"line":29,"column":30}},{"start":{"line":29,"column":34},"end":{"line":29,"column":52}}],"line":29}},"s":{"0":0,"1":0,"2":0,"3":0,"4":0,"5":0,"6":0,"7":0,"8":0,"9":0,"10":0,"11":0,"12":0,"13":0,"14":0,"15":0,"16":0,"17":0,"18":0,"19":0,"20":0,"21":0,"22":0,"23":0,"24":0},"f":{"0":0},"b":{"0":[0,0],"1":[0,0],"2":[0,0],"3":[0,0],"4":[0,0],"5":[0,0],"6":[0,0],"7":[0,0],"8":[0,0]},"inputSourceMap":null}
,"/home/stefu/projs/ts-modules/packages/sonr-webauthn/src/state.ts": {"path":"/home/stefu/projs/ts-modules/packages/sonr-webauthn/src/state.ts","statementMap":{"0":{"start":{"line":2,"column":0},"end":{"line":2,"column":62}},"1":{"start":{"line":3,"column":0},"end":{"line":3,"column":30}},"2":{"start":{"line":4,"column":20},"end":{"line":4,"column":42}},"3":{"start":{"line":7,"column":8},"end":{"line":12,"column":10}},"4":{"start":{"line":13,"column":8},"end":{"line":13,"column":62}},"5":{"start":{"line":16,"column":8},"end":{"line":16,"column":32}},"6":{"start":{"line":19,"column":8},"end":{"line":19,"column":33}},"7":{"start":{"line":22,"column":29},"end":{"line":22,"column":149}},"8":{"start":{"line":23,"column":8},"end":{"line":23,"column":40}},"9":{"start":{"line":26,"column":32},"end":{"line":26,"column":59}},"10":{"start":{"line":27,"column":8},"end":{"line":27,"column":90}},"11":{"start":{"line":30,"column":8},"end":{"line":30,"column":32}},"12":{"start":{"line":33,"column":8},"end":{"line":33,"column":33}},"13":{"start":{"line":36,"column":8},"end":{"line":36,"column":39}},"14":{"start":{"line":39,"column":8},"end":{"line":39,"column":40}},"15":{"start":{"line":42,"column":0},"end":{"line":42,"column":36}}},"fnMap":{"0":{"name":"(anonymous_0)","decl":{"start":{"line":6,"column":4},"end":{"line":6,"column":5}},"loc":{"start":{"line":6,"column":29},"end":{"line":14,"column":5}},"line":6},"1":{"name":"(anonymous_1)","decl":{"start":{"line":15,"column":4},"end":{"line":15,"column":5}},"loc":{"start":{"line":15,"column":21},"end":{"line":17,"column":5}},"line":15},"2":{"name":"(anonymous_2)","decl":{"start":{"line":18,"column":4},"end":{"line":18,"column":5}},"loc":{"start":{"line":18,"column":26},"end":{"line":20,"column":5}},"line":18},"3":{"name":"(anonymous_3)","decl":{"start":{"line":21,"column":4},"end":{"line":21,"column":5}},"loc":{"start":{"line":21,"column":23},"end":{"line":24,"column":5}},"line":21},"4":{"name":"(anonymous_4)","decl":{"start":{"line":25,"column":4},"end":{"line":25,"column":5}},"loc":{"start":{"line":25,"column":28},"end":{"line":28,"column":5}},"line":25},"5":{"name":"(anonymous_5)","decl":{"start":{"line":29,"column":4},"end":{"line":29,"column":5}},"loc":{"start":{"line":29,"column":19},"end":{"line":31,"column":5}},"line":29},"6":{"name":"(anonymous_6)","decl":{"start":{"line":32,"column":4},"end":{"line":32,"column":5}},"loc":{"start":{"line":32,"column":24},"end":{"line":34,"column":5}},"line":32},"7":{"name":"(anonymous_7)","decl":{"start":{"line":35,"column":4},"end":{"line":35,"column":5}},"loc":{"start":{"line":35,"column":22},"end":{"line":37,"column":5}},"line":35},"8":{"name":"(anonymous_8)","decl":{"start":{"line":38,"column":4},"end":{"line":38,"column":5}},"loc":{"start":{"line":38,"column":27},"end":{"line":40,"column":5}},"line":38}},"branchMap":{"0":{"loc":{"start":{"line":13,"column":22},"end":{"line":13,"column":61}},"type":"cond-expr","locations":[{"start":{"line":13,"column":36},"end":{"line":13,"column":47}},{"start":{"line":13,"column":50},"end":{"line":13,"column":61}}],"line":13},"1":{"loc":{"start":{"line":22,"column":29},"end":{"line":22,"column":149}},"type":"binary-expr","locations":[{"start":{"line":22,"column":30},"end":{"line":22,"column":140}},{"start":{"line":22,"column":145},"end":{"line":22,"column":149}}],"line":22},"2":{"loc":{"start":{"line":22,"column":30},"end":{"line":22,"column":140}},"type":"cond-expr","locations":[{"start":{"line":22,"column":85},"end":{"line":22,"column":91}},{"start":{"line":22,"column":94},"end":{"line":22,"column":140}}],"line":22},"3":{"loc":{"start":{"line":22,"column":30},"end":{"line":22,"column":82}},"type":"binary-expr","locations":[{"start":{"line":22,"column":30},"end":{"line":22,"column":53}},{"start":{"line":22,"column":57},"end":{"line":22,"column":82}}],"line":22},"4":{"loc":{"start":{"line":27,"column":8},"end":{"line":27,"column":89}},"type":"binary-expr","locations":[{"start":{"line":27,"column":8},"end":{"line":27,"column":22}},{"start":{"line":27,"column":26},"end":{"line":27,"column":89}}],"line":27}},"s":{"0":0,"1":0,"2":0,"3":0,"4":0,"5":0,"6":0,"7":0,"8":0,"9":0,"10":0,"11":0,"12":0,"13":0,"14":0,"15":0},"f":{"0":0,"1":0,"2":0,"3":0,"4":0,"5":0,"6":0,"7":0,"8":0},"b":{"0":[0,0],"1":[0,0],"2":[0,0],"3":[0,0],"4":[0,0]},"inputSourceMap":null}
,"/home/stefu/projs/ts-modules/packages/sonr-webauthn/src/utils.ts": {"path":"/home/stefu/projs/ts-modules/packages/sonr-webauthn/src/utils.ts","statementMap":{"0":{"start":{"line":2,"column":0},"end":{"line":2,"column":62}},"1":{"start":{"line":3,"column":0},"end":{"line":3,"column":392}},"2":{"start":{"line":4,"column":16},"end":{"line":4,"column":34}},"3":{"start":{"line":5,"column":20},"end":{"line":5,"column":42}},"4":{"start":{"line":6,"column":17},"end":{"line":6,"column":37}},"5":{"start":{"line":7,"column":27},"end":{"line":7,"column":57}},"6":{"start":{"line":8,"column":0},"end":{"line":8,"column":38}},"7":{"start":{"line":13,"column":4},"end":{"line":14,"column":18}},"8":{"start":{"line":14,"column":8},"end":{"line":14,"column":18}},"9":{"start":{"line":15,"column":28},"end":{"line":15,"column":81}},"10":{"start":{"line":16,"column":27},"end":{"line":16,"column":77}},"11":{"start":{"line":17,"column":4},"end":{"line":25,"column":6}},"12":{"start":{"line":27,"column":0},"end":{"line":27,"column":42}},"13":{"start":{"line":29,"column":30},"end":{"line":29,"column":70}},"14":{"start":{"line":30,"column":14},"end":{"line":30,"column":43}},"15":{"start":{"line":31,"column":4},"end":{"line":31,"column":38}},"16":{"start":{"line":32,"column":4},"end":{"line":32,"column":57}},"17":{"start":{"line":35,"column":4},"end":{"line":36,"column":18}},"18":{"start":{"line":36,"column":8},"end":{"line":36,"column":18}},"19":{"start":{"line":37,"column":19},"end":{"line":37,"column":72}},"20":{"start":{"line":38,"column":25},"end":{"line":38,"column":75}},"21":{"start":{"line":39,"column":16},"end":{"line":39,"column":48}},"22":{"start":{"line":40,"column":14},"end":{"line":40,"column":59}},"23":{"start":{"line":41,"column":21},"end":{"line":41,"column":67}},"24":{"start":{"line":42,"column":4},"end":{"line":52,"column":6}},"25":{"start":{"line":54,"column":0},"end":{"line":54,"column":48}},"26":{"start":{"line":60,"column":4},"end":{"line":67,"column":5}},"27":{"start":{"line":62,"column":8},"end":{"line":64,"column":9}},"28":{"start":{"line":63,"column":12},"end":{"line":63,"column":51}},"29":{"start":{"line":66,"column":8},"end":{"line":66,"column":50}},"30":{"start":{"line":69,"column":4},"end":{"line":69,"column":44}},"31":{"start":{"line":71,"column":0},"end":{"line":71,"column":54}},"32":{"start":{"line":76,"column":4},"end":{"line":92,"column":5}},"33":{"start":{"line":77,"column":23},"end":{"line":77,"column":75}},"34":{"start":{"line":78,"column":29},"end":{"line":78,"column":78}},"35":{"start":{"line":79,"column":20},"end":{"line":79,"column":60}},"36":{"start":{"line":80,"column":18},"end":{"line":80,"column":62}},"37":{"start":{"line":81,"column":25},"end":{"line":81,"column":79}},"38":{"start":{"line":82,"column":8},"end":{"line":88,"column":10}},"39":{"start":{"line":91,"column":8},"end":{"line":91,"column":81}},"40":{"start":{"line":94,"column":0},"end":{"line":94,"column":70}},"41":{"start":{"line":101,"column":4},"end":{"line":114,"column":5}},"42":{"start":{"line":102,"column":8},"end":{"line":102,"column":82}},"43":{"start":{"line":103,"column":8},"end":{"line":108,"column":11}},"44":{"start":{"line":104,"column":12},"end":{"line":106,"column":13}},"45":{"start":{"line":105,"column":16},"end":{"line":105,"column":23}},"46":{"start":{"line":107,"column":12},"end":{"line":107,"column":52}},"47":{"start":{"line":109,"column":8},"end":{"line":112,"column":9}},"48":{"start":{"line":110,"column":12},"end":{"line":110,"column":82}},"49":{"start":{"line":111,"column":12},"end":{"line":111,"column":52}},"50":{"start":{"line":113,"column":8},"end":{"line":113,"column":20}},"51":{"start":{"line":115,"column":4},"end":{"line":115,"column":17}},"52":{"start":{"line":117,"column":0},"end":{"line":117,"column":72}},"53":{"start":{"line":120,"column":4},"end":{"line":120,"column":82}},"54":{"start":{"line":121,"column":4},"end":{"line":123,"column":7}},"55":{"start":{"line":122,"column":8},"end":{"line":122,"column":48}},"56":{"start":{"line":125,"column":0},"end":{"line":125,"column":72}},"57":{"start":{"line":130,"column":4},"end":{"line":132,"column":7}},"58":{"start":{"line":131,"column":8},"end":{"line":131,"column":34}},"59":{"start":{"line":134,"column":0},"end":{"line":134,"column":38}},"60":{"start":{"line":141,"column":4},"end":{"line":144,"column":27}},"61":{"start":{"line":146,"column":0},"end":{"line":146,"column":36}},"62":{"start":{"line":148,"column":4},"end":{"line":148,"column":62}},"63":{"start":{"line":148,"column":45},"end":{"line":148,"column":60}},"64":{"start":{"line":150,"column":0},"end":{"line":150,"column":36}},"65":{"start":{"line":156,"column":14},"end":{"line":156,"column":16}},"66":{"start":{"line":157,"column":4},"end":{"line":159,"column":5}},"67":{"start":{"line":158,"column":8},"end":{"line":158,"column":34}},"68":{"start":{"line":160,"column":4},"end":{"line":162,"column":5}},"69":{"start":{"line":160,"column":17},"end":{"line":160,"column":18}},"70":{"start":{"line":161,"column":8},"end":{"line":161,"column":43}},"71":{"start":{"line":163,"column":4},"end":{"line":163,"column":15}},"72":{"start":{"line":165,"column":0},"end":{"line":165,"column":38}},"73":{"start":{"line":167,"column":15},"end":{"line":167,"column":48}},"74":{"start":{"line":168,"column":22},"end":{"line":168,"column":41}},"75":{"start":{"line":169,"column":4},"end":{"line":173,"column":5}},"76":{"start":{"line":169,"column":17},"end":{"line":169,"column":18}},"77":{"start":{"line":170,"column":8},"end":{"line":172,"column":9}},"78":{"start":{"line":171,"column":12},"end":{"line":171,"column":25}},"79":{"start":{"line":174,"column":4},"end":{"line":174,"column":21}},"80":{"start":{"line":176,"column":0},"end":{"line":176,"column":22}},"81":{"start":{"line":179,"column":4},"end":{"line":179,"column":66}},"82":{"start":{"line":181,"column":0},"end":{"line":181,"column":74}}},"fnMap":{"0":{"name":"getStorageKey","decl":{"start":{"line":7,"column":9},"end":{"line":7,"column":22}},"loc":{"start":{"line":7,"column":25},"end":{"line":7,"column":59}},"line":7},"1":{"name":"createAssertion","decl":{"start":{"line":12,"column":9},"end":{"line":12,"column":24}},"loc":{"start":{"line":12,"column":37},"end":{"line":26,"column":1}},"line":12},"2":{"name":"decodeAssertionClientResponse","decl":{"start":{"line":28,"column":9},"end":{"line":28,"column":38}},"loc":{"start":{"line":28,"column":60},"end":{"line":33,"column":1}},"line":28},"3":{"name":"createAuthenicator","decl":{"start":{"line":34,"column":9},"end":{"line":34,"column":27}},"loc":{"start":{"line":34,"column":40},"end":{"line":53,"column":1}},"line":34},"4":{"name":"detectWebAuthnSupport","decl":{"start":{"line":59,"column":9},"end":{"line":59,"column":30}},"loc":{"start":{"line":59,"column":33},"end":{"line":70,"column":1}},"line":59},"5":{"name":"encodeCredentialsForAssertion","decl":{"start":{"line":75,"column":9},"end":{"line":75,"column":38}},"loc":{"start":{"line":75,"column":59},"end":{"line":93,"column":1}},"line":75},"6":{"name":"decodeCredentialsFromAssertion","decl":{"start":{"line":100,"column":9},"end":{"line":100,"column":39}},"loc":{"start":{"line":100,"column":70},"end":{"line":116,"column":1}},"line":100},"7":{"name":"(anonymous_7)","decl":{"start":{"line":103,"column":95},"end":{"line":103,"column":96}},"loc":{"start":{"line":103,"column":115},"end":{"line":108,"column":9}},"line":103},"8":{"name":"decodeCredentialRequestOptions","decl":{"start":{"line":119,"column":9},"end":{"line":119,"column":39}},"loc":{"start":{"line":119,"column":62},"end":{"line":124,"column":1}},"line":119},"9":{"name":"(anonymous_9)","decl":{"start":{"line":121,"column":50},"end":{"line":121,"column":51}},"loc":{"start":{"line":121,"column":70},"end":{"line":123,"column":5}},"line":121},"10":{"name":"string2buffer","decl":{"start":{"line":129,"column":9},"end":{"line":129,"column":22}},"loc":{"start":{"line":129,"column":29},"end":{"line":133,"column":1}},"line":129},"11":{"name":"(anonymous_11)","decl":{"start":{"line":130,"column":43},"end":{"line":130,"column":44}},"loc":{"start":{"line":130,"column":59},"end":{"line":132,"column":5}},"line":130},"12":{"name":"bufferEncode","decl":{"start":{"line":140,"column":9},"end":{"line":140,"column":21}},"loc":{"start":{"line":140,"column":29},"end":{"line":145,"column":1}},"line":140},"13":{"name":"bufferDecode","decl":{"start":{"line":147,"column":9},"end":{"line":147,"column":21}},"loc":{"start":{"line":147,"column":29},"end":{"line":149,"column":1}},"line":147},"14":{"name":"(anonymous_14)","decl":{"start":{"line":148,"column":40},"end":{"line":148,"column":41}},"loc":{"start":{"line":148,"column":45},"end":{"line":148,"column":60}},"line":148},"15":{"name":"buffer2string","decl":{"start":{"line":155,"column":9},"end":{"line":155,"column":22}},"loc":{"start":{"line":155,"column":28},"end":{"line":164,"column":1}},"line":155},"16":{"name":"getOs","decl":{"start":{"line":166,"column":9},"end":{"line":166,"column":14}},"loc":{"start":{"line":166,"column":17},"end":{"line":175,"column":1}},"line":166},"17":{"name":"buildFinishRegistrationEndpoint","decl":{"start":{"line":178,"column":9},"end":{"line":178,"column":40}},"loc":{"start":{"line":178,"column":59},"end":{"line":180,"column":1}},"line":178}},"branchMap":{"0":{"loc":{"start":{"line":13,"column":4},"end":{"line":14,"column":18}},"type":"if","locations":[{"start":{"line":13,"column":4},"end":{"line":14,"column":18}},{"start":{},"end":{}}],"line":13},"1":{"loc":{"start":{"line":35,"column":4},"end":{"line":36,"column":18}},"type":"if","locations":[{"start":{"line":35,"column":4},"end":{"line":36,"column":18}},{"start":{},"end":{}}],"line":35},"2":{"loc":{"start":{"line":60,"column":4},"end":{"line":67,"column":5}},"type":"if","locations":[{"start":{"line":60,"column":4},"end":{"line":67,"column":5}},{"start":{},"end":{}}],"line":60},"3":{"loc":{"start":{"line":60,"column":8},"end":{"line":61,"column":56}},"type":"binary-expr","locations":[{"start":{"line":60,"column":8},"end":{"line":60,"column":48}},{"start":{"line":61,"column":8},"end":{"line":61,"column":56}}],"line":60},"4":{"loc":{"start":{"line":62,"column":8},"end":{"line":64,"column":9}},"type":"if","locations":[{"start":{"line":62,"column":8},"end":{"line":64,"column":9}},{"start":{},"end":{}}],"line":62},"5":{"loc":{"start":{"line":101,"column":4},"end":{"line":114,"column":5}},"type":"if","locations":[{"start":{"line":101,"column":4},"end":{"line":114,"column":5}},{"start":{},"end":{}}],"line":101},"6":{"loc":{"start":{"line":103,"column":8},"end":{"line":108,"column":10}},"type":"binary-expr","locations":[{"start":{"line":103,"column":8},"end":{"line":103,"column":45}},{"start":{"line":103,"column":49},"end":{"line":108,"column":10}}],"line":103},"7":{"loc":{"start":{"line":104,"column":12},"end":{"line":106,"column":13}},"type":"if","locations":[{"start":{"line":104,"column":12},"end":{"line":106,"column":13}},{"start":{},"end":{}}],"line":104},"8":{"loc":{"start":{"line":109,"column":8},"end":{"line":112,"column":9}},"type":"if","locations":[{"start":{"line":109,"column":8},"end":{"line":112,"column":9}},{"start":{},"end":{}}],"line":109},"9":{"loc":{"start":{"line":157,"column":4},"end":{"line":159,"column":5}},"type":"if","locations":[{"start":{"line":157,"column":4},"end":{"line":159,"column":5}},{"start":{},"end":{}}],"line":157},"10":{"loc":{"start":{"line":170,"column":8},"end":{"line":172,"column":9}},"type":"if","locations":[{"start":{"line":170,"column":8},"end":{"line":172,"column":9}},{"start":{},"end":{}}],"line":170}},"s":{"0":0,"1":0,"2":0,"3":0,"4":0,"5":0,"6":0,"7":0,"8":0,"9":0,"10":0,"11":0,"12":0,"13":0,"14":0,"15":0,"16":0,"17":0,"18":0,"19":0,"20":0,"21":0,"22":0,"23":0,"24":0,"25":0,"26":0,"27":0,"28":0,"29":0,"30":0,"31":0,"32":0,"33":0,"34":0,"35":0,"36":0,"37":0,"38":0,"39":0,"40":0,"41":0,"42":0,"43":0,"44":0,"45":0,"46":0,"47":0,"48":0,"49":0,"50":0,"51":0,"52":0,"53":0,"54":0,"55":0,"56":0,"57":0,"58":0,"59":0,"60":0,"61":0,"62":0,"63":0,"64":0,"65":0,"66":0,"67":0,"68":0,"69":0,"70":0,"71":0,"72":0,"73":0,"74":0,"75":0,"76":0,"77":0,"78":0,"79":0,"80":0,"81":0,"82":0},"f":{"0":0,"1":0,"2":0,"3":0,"4":0,"5":0,"6":0,"7":0,"8":0,"9":0,"10":0,"11":0,"12":0,"13":0,"14":0,"15":0,"16":0,"17":0},"b":{"0":[0,0],"1":[0,0],"2":[0,0],"3":[0,0],"4":[0,0],"5":[0,0],"6":[0,0],"7":[0,0],"8":[0,0],"9":[0,0],"10":[0,0]},"inputSourceMap":null}
,"/home/stefu/projs/ts-modules/packages/sonr-webauthn/src/webauthn.ts": {"path":"/home/stefu/projs/ts-modules/packages/sonr-webauthn/src/webauthn.ts","statementMap":{"0":{"start":{"line":2,"column":0},"end":{"line":2,"column":62}},"1":{"start":{"line":3,"column":0},"end":{"line":3,"column":26}},"2":{"start":{"line":4,"column":20},"end":{"line":4,"column":42}},"3":{"start":{"line":5,"column":17},"end":{"line":5,"column":42}},"4":{"start":{"line":6,"column":16},"end":{"line":6,"column":34}},"5":{"start":{"line":9,"column":8},"end":{"line":9,"column":32}},"6":{"start":{"line":12,"column":8},"end":{"line":12,"column":35}},"7":{"start":{"line":15,"column":8},"end":{"line":15,"column":34}},"8":{"start":{"line":24,"column":20},"end":{"line":24,"column":55}},"9":{"start":{"line":25,"column":25},"end":{"line":25,"column":52}},"10":{"start":{"line":26,"column":8},"end":{"line":52,"column":9}},"11":{"start":{"line":27,"column":29},"end":{"line":32,"column":14}},"12":{"start":{"line":33,"column":12},"end":{"line":35,"column":13}},"13":{"start":{"line":34,"column":16},"end":{"line":34,"column":33}},"14":{"start":{"line":36,"column":28},"end":{"line":36,"column":103}},"15":{"start":{"line":37,"column":42},"end":{"line":37,"column":59}},"16":{"start":{"line":38,"column":12},"end":{"line":38,"column":89}},"17":{"start":{"line":39,"column":12},"end":{"line":43,"column":14}},"18":{"start":{"line":46,"column":12},"end":{"line":46,"column":79}},"19":{"start":{"line":47,"column":12},"end":{"line":51,"column":14}},"20":{"start":{"line":61,"column":20},"end":{"line":61,"column":55}},"21":{"start":{"line":62,"column":25},"end":{"line":62,"column":52}},"22":{"start":{"line":63,"column":8},"end":{"line":90,"column":9}},"23":{"start":{"line":64,"column":29},"end":{"line":64,"column":90}},"24":{"start":{"line":65,"column":12},"end":{"line":71,"column":13}},"25":{"start":{"line":66,"column":16},"end":{"line":70,"column":18}},"26":{"start":{"line":72,"column":28},"end":{"line":72,"column":103}},"27":{"start":{"line":73,"column":42},"end":{"line":73,"column":59}},"28":{"start":{"line":74,"column":12},"end":{"line":76,"column":13}},"29":{"start":{"line":75,"column":16},"end":{"line":75,"column":83}},"30":{"start":{"line":77,"column":12},"end":{"line":81,"column":14}},"31":{"start":{"line":84,"column":12},"end":{"line":84,"column":79}},"32":{"start":{"line":85,"column":12},"end":{"line":89,"column":14}},"33":{"start":{"line":97,"column":8},"end":{"line":133,"column":11}},"34":{"start":{"line":98,"column":12},"end":{"line":132,"column":13}},"35":{"start":{"line":99,"column":16},"end":{"line":101,"column":17}},"36":{"start":{"line":100,"column":20},"end":{"line":100,"column":74}},"37":{"start":{"line":102,"column":26},"end":{"line":102,"column":160}},"38":{"start":{"line":103,"column":43},"end":{"line":103,"column":102}},"39":{"start":{"line":104,"column":39},"end":{"line":104,"column":73}},"40":{"start":{"line":105,"column":16},"end":{"line":124,"column":19}},"41":{"start":{"line":110,"column":20},"end":{"line":112,"column":21}},"42":{"start":{"line":111,"column":24},"end":{"line":111,"column":70}},"43":{"start":{"line":113,"column":36},"end":{"line":113,"column":57}},"44":{"start":{"line":114,"column":20},"end":{"line":117,"column":23}},"45":{"start":{"line":119,"column":20},"end":{"line":119,"column":42}},"46":{"start":{"line":120,"column":20},"end":{"line":123,"column":23}},"47":{"start":{"line":127,"column":16},"end":{"line":127,"column":88}},"48":{"start":{"line":128,"column":16},"end":{"line":131,"column":19}},"49":{"start":{"line":141,"column":8},"end":{"line":174,"column":11}},"50":{"start":{"line":142,"column":12},"end":{"line":173,"column":13}},"51":{"start":{"line":143,"column":28},"end":{"line":143,"column":169}},"52":{"start":{"line":144,"column":43},"end":{"line":144,"column":86}},"53":{"start":{"line":145,"column":39},"end":{"line":145,"column":73}},"54":{"start":{"line":146,"column":16},"end":{"line":166,"column":19}},"55":{"start":{"line":151,"column":36},"end":{"line":151,"column":57}},"56":{"start":{"line":152,"column":20},"end":{"line":154,"column":21}},"57":{"start":{"line":153,"column":24},"end":{"line":153,"column":97}},"58":{"start":{"line":155,"column":20},"end":{"line":155,"column":38}},"59":{"start":{"line":156,"column":20},"end":{"line":159,"column":23}},"60":{"start":{"line":161,"column":20},"end":{"line":161,"column":42}},"61":{"start":{"line":162,"column":20},"end":{"line":165,"column":23}},"62":{"start":{"line":169,"column":16},"end":{"line":172,"column":19}},"63":{"start":{"line":177,"column":0},"end":{"line":177,"column":28}}},"fnMap":{"0":{"name":"(anonymous_0)","decl":{"start":{"line":8,"column":4},"end":{"line":8,"column":5}},"loc":{"start":{"line":8,"column":25},"end":{"line":10,"column":5}},"line":8},"1":{"name":"(anonymous_1)","decl":{"start":{"line":11,"column":4},"end":{"line":11,"column":5}},"loc":{"start":{"line":11,"column":28},"end":{"line":13,"column":5}},"line":11},"2":{"name":"(anonymous_2)","decl":{"start":{"line":14,"column":4},"end":{"line":14,"column":5}},"loc":{"start":{"line":14,"column":23},"end":{"line":16,"column":5}},"line":14},"3":{"name":"(anonymous_3)","decl":{"start":{"line":23,"column":4},"end":{"line":23,"column":5}},"loc":{"start":{"line":23,"column":30},"end":{"line":53,"column":5}},"line":23},"4":{"name":"(anonymous_4)","decl":{"start":{"line":60,"column":4},"end":{"line":60,"column":5}},"loc":{"start":{"line":60,"column":23},"end":{"line":91,"column":5}},"line":60},"5":{"name":"(anonymous_5)","decl":{"start":{"line":96,"column":4},"end":{"line":96,"column":5}},"loc":{"start":{"line":96,"column":31},"end":{"line":134,"column":5}},"line":96},"6":{"name":"(anonymous_6)","decl":{"start":{"line":97,"column":27},"end":{"line":97,"column":28}},"loc":{"start":{"line":97,"column":48},"end":{"line":133,"column":9}},"line":97},"7":{"name":"(anonymous_7)","decl":{"start":{"line":109,"column":24},"end":{"line":109,"column":25}},"loc":{"start":{"line":109,"column":50},"end":{"line":118,"column":17}},"line":109},"8":{"name":"(anonymous_8)","decl":{"start":{"line":118,"column":25},"end":{"line":118,"column":26}},"loc":{"start":{"line":118,"column":40},"end":{"line":124,"column":17}},"line":118},"9":{"name":"(anonymous_9)","decl":{"start":{"line":140,"column":4},"end":{"line":140,"column":5}},"loc":{"start":{"line":140,"column":32},"end":{"line":175,"column":5}},"line":140},"10":{"name":"(anonymous_10)","decl":{"start":{"line":141,"column":27},"end":{"line":141,"column":28}},"loc":{"start":{"line":141,"column":48},"end":{"line":174,"column":9}},"line":141},"11":{"name":"(anonymous_11)","decl":{"start":{"line":150,"column":24},"end":{"line":150,"column":25}},"loc":{"start":{"line":150,"column":50},"end":{"line":160,"column":17}},"line":150},"12":{"name":"(anonymous_12)","decl":{"start":{"line":160,"column":25},"end":{"line":160,"column":26}},"loc":{"start":{"line":160,"column":40},"end":{"line":166,"column":17}},"line":160}},"branchMap":{"0":{"loc":{"start":{"line":33,"column":12},"end":{"line":35,"column":13}},"type":"if","locations":[{"start":{"line":33,"column":12},"end":{"line":35,"column":13}},{"start":{},"end":{}}],"line":33},"1":{"loc":{"start":{"line":33,"column":16},"end":{"line":33,"column":45}},"type":"binary-expr","locations":[{"start":{"line":33,"column":16},"end":{"line":33,"column":25}},{"start":{"line":33,"column":29},"end":{"line":33,"column":45}}],"line":33},"2":{"loc":{"start":{"line":36,"column":35},"end":{"line":36,"column":102}},"type":"cond-expr","locations":[{"start":{"line":36,"column":78},"end":{"line":36,"column":84}},{"start":{"line":36,"column":87},"end":{"line":36,"column":102}}],"line":36},"3":{"loc":{"start":{"line":36,"column":35},"end":{"line":36,"column":75}},"type":"binary-expr","locations":[{"start":{"line":36,"column":35},"end":{"line":36,"column":52}},{"start":{"line":36,"column":56},"end":{"line":36,"column":75}}],"line":36},"4":{"loc":{"start":{"line":65,"column":12},"end":{"line":71,"column":13}},"type":"if","locations":[{"start":{"line":65,"column":12},"end":{"line":71,"column":13}},{"start":{},"end":{}}],"line":65},"5":{"loc":{"start":{"line":65,"column":16},"end":{"line":65,"column":45}},"type":"binary-expr","locations":[{"start":{"line":65,"column":16},"end":{"line":65,"column":25}},{"start":{"line":65,"column":29},"end":{"line":65,"column":45}}],"line":65},"6":{"loc":{"start":{"line":72,"column":35},"end":{"line":72,"column":102}},"type":"cond-expr","locations":[{"start":{"line":72,"column":78},"end":{"line":72,"column":84}},{"start":{"line":72,"column":87},"end":{"line":72,"column":102}}],"line":72},"7":{"loc":{"start":{"line":72,"column":35},"end":{"line":72,"column":75}},"type":"binary-expr","locations":[{"start":{"line":72,"column":35},"end":{"line":72,"column":52}},{"start":{"line":72,"column":56},"end":{"line":72,"column":75}}],"line":72},"8":{"loc":{"start":{"line":74,"column":12},"end":{"line":76,"column":13}},"type":"if","locations":[{"start":{"line":74,"column":12},"end":{"line":76,"column":13}},{"start":{},"end":{}}],"line":74},"9":{"loc":{"start":{"line":99,"column":16},"end":{"line":101,"column":17}},"type":"if","locations":[{"start":{"line":99,"column":16},"end":{"line":101,"column":17}},{"start":{},"end":{}}],"line":99},"10":{"loc":{"start":{"line":105,"column":16},"end":{"line":124,"column":18}},"type":"binary-expr","locations":[{"start":{"line":105,"column":16},"end":{"line":105,"column":34}},{"start":{"line":105,"column":38},"end":{"line":124,"column":18}}],"line":105},"11":{"loc":{"start":{"line":110,"column":20},"end":{"line":112,"column":21}},"type":"if","locations":[{"start":{"line":110,"column":20},"end":{"line":112,"column":21}},{"start":{},"end":{}}],"line":110},"12":{"loc":{"start":{"line":110,"column":24},"end":{"line":110,"column":70}},"type":"binary-expr","locations":[{"start":{"line":110,"column":24},"end":{"line":110,"column":45}},{"start":{"line":110,"column":49},"end":{"line":110,"column":70}}],"line":110},"13":{"loc":{"start":{"line":146,"column":16},"end":{"line":166,"column":18}},"type":"binary-expr","locations":[{"start":{"line":146,"column":16},"end":{"line":146,"column":34}},{"start":{"line":146,"column":38},"end":{"line":166,"column":18}}],"line":146},"14":{"loc":{"start":{"line":152,"column":20},"end":{"line":154,"column":21}},"type":"if","locations":[{"start":{"line":152,"column":20},"end":{"line":154,"column":21}},{"start":{},"end":{}}],"line":152},"15":{"loc":{"start":{"line":152,"column":24},"end":{"line":152,"column":70}},"type":"binary-expr","locations":[{"start":{"line":152,"column":24},"end":{"line":152,"column":45}},{"start":{"line":152,"column":49},"end":{"line":152,"column":70}}],"line":152}},"s":{"0":0,"1":0,"2":0,"3":0,"4":0,"5":0,"6":0,"7":0,"8":0,"9":0,"10":0,"11":0,"12":0,"13":0,"14":0,"15":0,"16":0,"17":0,"18":0,"19":0,"20":0,"21":0,"22":0,"23":0,"24":0,"25":0,"26":0,"27":0,"28":0,"29":0,"30":0,"31":0,"32":0,"33":0,"34":0,"35":0,"36":0,"37":0,"38":0,"39":0,"40":0,"41":0,"42":0,"43":0,"44":0,"45":0,"46":0,"47":0,"48":0,"49":0,"50":0,"51":0,"52":0,"53":0,"54":0,"55":0,"56":0,"57":0,"58":0,"59":0,"60":0,"61":0,"62":0,"63":0},"f":{"0":0,"1":0,"2":0,"3":0,"4":0,"5":0,"6":0,"7":0,"8":0,"9":0,"10":0,"11":0,"12":0},"b":{"0":[0,0],"1":[0,0],"2":[0,0],"3":[0,0],"4":[0,0],"5":[0,0],"6":[0,0],"7":[0,0],"8":[0,0],"9":[0,0],"10":[0,0],"11":[0,0],"12":[0,0],"13":[0,0],"14":[0,0],"15":[0,0]},"inputSourceMap":null}
}
