TN:
SF:sonr-validation/src/index.ts
FN:2,(anonymous_0)
FN:6,(anonymous_1)
FN:9,(anonymous_2)
FN:13,(anonymous_3)
FNF:4
FNH:3
FNDA:9,(anonymous_0)
FNDA:29,(anonymous_1)
FNDA:0,(anonymous_2)
FNDA:1,(anonymous_3)
DA:2,1
DA:3,9
DA:4,9
DA:5,9
DA:6,29
DA:8,9
DA:10,0
DA:11,0
DA:13,1
DA:14,9
DA:16,1
DA:17,1
LF:12
LH:10
BRDA:2,0,0,1
BRDA:2,0,1,1
BRDA:2,0,2,1
BRDA:2,1,0,1
BRDA:2,1,1,0
BRDA:3,2,0,9
BRDA:3,2,1,0
BRDA:5,3,0,9
BRDA:5,3,1,0
BRDA:5,4,0,9
BRDA:5,4,1,9
BRDA:5,5,0,0
BRDA:5,5,1,9
BRDA:5,6,0,9
BRDA:5,6,1,0
BRDA:10,7,0,0
BRDA:10,7,1,0
BRDA:13,8,0,1
BRDA:13,8,1,1
BRDA:13,8,2,1
BRDA:14,9,0,9
BRDA:14,9,1,0
BRDA:14,10,0,9
BRDA:14,10,1,9
BRF:24
BRH:16
end_of_record
TN:
SF:sonr-validation/src/validation.ts
FN:12,ValidateUserName
FN:20,ValidateDisplayName
FN:31,IsRequired
FN:37,HasAtLeastOneSpecialCharacter
FN:43,HasNoSpecialCharacter
FN:49,HasAtLeastOneUppercaseCharacter
FN:55,HasAtLeastOneLowercaseCharacter
FN:61,HasAtLeastOneNumber
FN:67,NoSpaces
FNF:9
FNH:9
FNDA:6,ValidateUserName
FNDA:5,ValidateDisplayName
FNDA:2,IsRequired
FNDA:3,HasAtLeastOneSpecialCharacter
FNDA:2,HasNoSpecialCharacter
FNDA:4,HasAtLeastOneUppercaseCharacter
FNDA:4,HasAtLeastOneLowercaseCharacter
FNDA:3,HasAtLeastOneNumber
FNDA:4,NoSpaces
DA:2,1
DA:3,1
DA:4,1
DA:5,1
DA:6,1
DA:7,1
DA:8,1
DA:9,1
DA:10,1
DA:11,1
DA:13,6
DA:14,1
DA:15,5
DA:16,5
DA:17,5
DA:19,1
DA:22,5
DA:23,5
DA:24,1
DA:27,4
DA:28,4
DA:30,1
DA:32,2
DA:33,1
DA:34,1
DA:36,1
DA:38,3
DA:39,1
DA:40,2
DA:42,1
DA:44,2
DA:45,1
DA:46,1
DA:48,1
DA:50,4
DA:51,1
DA:52,3
DA:54,1
DA:56,4
DA:57,1
DA:58,3
DA:60,1
DA:62,3
DA:63,1
DA:64,2
DA:66,1
DA:68,4
DA:69,3
DA:70,1
DA:72,1
LF:50
LH:50
BRDA:13,0,0,1
BRDA:13,0,1,5
BRDA:13,1,0,6
BRDA:13,1,1,6
BRDA:17,2,0,3
BRDA:17,2,1,2
BRDA:17,3,0,2
BRDA:17,3,1,3
BRDA:17,4,0,5
BRDA:17,4,1,3
BRDA:23,5,0,1
BRDA:23,5,1,4
BRDA:27,6,0,4
BRDA:27,6,1,0
BRDA:27,7,0,4
BRDA:27,7,1,4
BRDA:32,8,0,1
BRDA:32,8,1,1
BRDA:38,9,0,1
BRDA:38,9,1,2
BRDA:44,10,0,1
BRDA:44,10,1,1
BRDA:50,11,0,1
BRDA:50,11,1,3
BRDA:56,12,0,1
BRDA:56,12,1,3
BRDA:62,13,0,1
BRDA:62,13,1,2
BRDA:68,14,0,3
BRDA:68,14,1,1
BRF:30
BRH:29
end_of_record
TN:
SF:sonr-webauthn/src/authenticate.ts
FN:12,startUserLogin
FNF:1
FNH:0
FNDA:0,startUserLogin
DA:2,0
DA:3,0
DA:4,0
DA:5,0
DA:6,0
DA:14,0
DA:15,0
DA:16,0
DA:17,0
DA:18,0
DA:19,0
DA:20,0
DA:21,0
DA:22,0
DA:23,0
DA:24,0
DA:25,0
DA:28,0
DA:29,0
DA:30,0
DA:33,0
DA:36,0
LF:22
LH:0
BRDA:14,0,0,0
BRDA:14,0,1,0
BRDA:23,1,0,0
BRDA:23,1,1,0
BRDA:23,2,0,0
BRDA:23,2,1,0
BRDA:23,3,0,0
BRDA:23,3,1,0
BRDA:23,4,0,0
BRDA:23,4,1,0
BRDA:29,5,0,0
BRDA:29,5,1,0
BRDA:29,6,0,0
BRDA:29,6,1,0
BRDA:29,7,0,0
BRDA:29,7,1,0
BRDA:29,8,0,0
BRDA:29,8,1,0
BRF:18
BRH:0
end_of_record
TN:
SF:sonr-webauthn/src/constants.ts
FNF:0
FNH:0
DA:2,0
DA:3,0
DA:4,0
DA:5,0
DA:6,0
DA:7,0
DA:8,0
LF:7
LH:0
BRF:0
BRH:0
end_of_record
TN:
SF:sonr-webauthn/src/credentials.ts
FN:9,createCredentials
FN:30,getCredentials
FN:53,storeCredentials
FNF:3
FNH:0
FNDA:0,createCredentials
FNDA:0,getCredentials
FNDA:0,storeCredentials
DA:2,0
DA:3,0
DA:4,0
DA:5,0
DA:10,0
DA:11,0
DA:12,0
DA:14,0
DA:15,0
DA:18,0
DA:21,0
DA:22,0
DA:25,0
DA:31,0
DA:32,0
DA:33,0
DA:34,0
DA:35,0
DA:37,0
DA:38,0
DA:41,0
DA:44,0
DA:45,0
DA:48,0
DA:54,0
DA:55,0
DA:56,0
DA:57,0
DA:58,0
DA:60,0
DA:61,0
DA:62,0
DA:65,0
DA:66,0
DA:69,0
LF:35
LH:0
BRDA:12,0,0,0
BRDA:12,0,1,0
BRDA:12,1,0,0
BRDA:12,1,1,0
BRDA:31,2,0,0
BRDA:31,2,1,0
BRDA:35,3,0,0
BRDA:35,3,1,0
BRDA:35,4,0,0
BRDA:35,4,1,0
BRDA:54,5,0,0
BRDA:54,5,1,0
BRDA:58,6,0,0
BRDA:58,6,1,0
BRDA:58,7,0,0
BRDA:58,7,1,0
BRF:16
BRH:0
end_of_record
TN:
SF:sonr-webauthn/src/enums.ts
FN:5,(anonymous_0)
FNF:1
FNH:0
FNDA:0,(anonymous_0)
DA:2,0
DA:3,0
DA:5,0
DA:6,0
DA:7,0
DA:8,0
LF:6
LH:0
BRDA:9,0,0,0
BRDA:9,0,1,0
BRF:2
BRH:0
end_of_record
TN:
SF:sonr-webauthn/src/index.ts
FN:2,(anonymous_0)
FN:6,(anonymous_1)
FN:9,(anonymous_2)
FN:13,(anonymous_3)
FNF:4
FNH:0
FNDA:0,(anonymous_0)
FNDA:0,(anonymous_1)
FNDA:0,(anonymous_2)
FNDA:0,(anonymous_3)
DA:2,0
DA:3,0
DA:4,0
DA:5,0
DA:6,0
DA:8,0
DA:10,0
DA:11,0
DA:13,0
DA:14,0
DA:16,0
DA:17,0
DA:18,0
LF:13
LH:0
BRDA:2,0,0,0
BRDA:2,0,1,0
BRDA:2,0,2,0
BRDA:2,1,0,0
BRDA:2,1,1,0
BRDA:3,2,0,0
BRDA:3,2,1,0
BRDA:5,3,0,0
BRDA:5,3,1,0
BRDA:5,4,0,0
BRDA:5,4,1,0
BRDA:5,5,0,0
BRDA:5,5,1,0
BRDA:5,6,0,0
BRDA:5,6,1,0
BRDA:10,7,0,0
BRDA:10,7,1,0
BRDA:13,8,0,0
BRDA:13,8,1,0
BRDA:13,8,2,0
BRDA:14,9,0,0
BRDA:14,9,1,0
BRDA:14,10,0,0
BRDA:14,10,1,0
BRF:24
BRH:0
end_of_record
TN:
SF:sonr-webauthn/src/register.ts
FN:12,startUserRegistration
FNF:1
FNH:0
FNDA:0,startUserRegistration
DA:2,0
DA:3,0
DA:4,0
DA:5,0
DA:6,0
DA:14,0
DA:15,0
DA:16,0
DA:17,0
DA:18,0
DA:19,0
DA:20,0
DA:21,0
DA:22,0
DA:23,0
DA:24,0
DA:25,0
DA:26,0
DA:27,0
DA:28,0
DA:29,0
DA:30,0
DA:33,0
DA:34,0
DA:37,0
LF:25
LH:0
BRDA:14,0,0,0
BRDA:14,0,1,0
BRDA:23,1,0,0
BRDA:23,1,1,0
BRDA:23,2,0,0
BRDA:23,2,1,0
BRDA:23,3,0,0
BRDA:23,3,1,0
BRDA:23,4,0,0
BRDA:23,4,1,0
BRDA:29,5,0,0
BRDA:29,5,1,0
BRDA:29,6,0,0
BRDA:29,6,1,0
BRDA:29,7,0,0
BRDA:29,7,1,0
BRDA:29,8,0,0
BRDA:29,8,1,0
BRF:18
BRH:0
end_of_record
TN:
SF:sonr-webauthn/src/state.ts
FN:6,(anonymous_0)
FN:15,(anonymous_1)
FN:18,(anonymous_2)
FN:21,(anonymous_3)
FN:25,(anonymous_4)
FN:29,(anonymous_5)
FN:32,(anonymous_6)
FN:35,(anonymous_7)
FN:38,(anonymous_8)
FNF:9
FNH:0
FNDA:0,(anonymous_0)
FNDA:0,(anonymous_1)
FNDA:0,(anonymous_2)
FNDA:0,(anonymous_3)
FNDA:0,(anonymous_4)
FNDA:0,(anonymous_5)
FNDA:0,(anonymous_6)
FNDA:0,(anonymous_7)
FNDA:0,(anonymous_8)
DA:2,0
DA:3,0
DA:4,0
DA:7,0
DA:13,0
DA:16,0
DA:19,0
DA:22,0
DA:23,0
DA:26,0
DA:27,0
DA:30,0
DA:33,0
DA:36,0
DA:39,0
DA:42,0
LF:16
LH:0
BRDA:13,0,0,0
BRDA:13,0,1,0
BRDA:22,1,0,0
BRDA:22,1,1,0
BRDA:22,2,0,0
BRDA:22,2,1,0
BRDA:22,3,0,0
BRDA:22,3,1,0
BRDA:27,4,0,0
BRDA:27,4,1,0
BRF:10
BRH:0
end_of_record
TN:
SF:sonr-webauthn/src/utils.ts
FN:7,getStorageKey
FN:12,createAssertion
FN:28,decodeAssertionClientResponse
FN:34,createAuthenicator
FN:59,detectWebAuthnSupport
FN:75,encodeCredentialsForAssertion
FN:100,decodeCredentialsFromAssertion
FN:103,(anonymous_7)
FN:119,decodeCredentialRequestOptions
FN:121,(anonymous_9)
FN:129,string2buffer
FN:130,(anonymous_11)
FN:140,bufferEncode
FN:147,bufferDecode
FN:148,(anonymous_14)
FN:155,buffer2string
FN:166,getOs
FN:178,buildFinishRegistrationEndpoint
FNF:18
FNH:0
FNDA:0,getStorageKey
FNDA:0,createAssertion
FNDA:0,decodeAssertionClientResponse
FNDA:0,createAuthenicator
FNDA:0,detectWebAuthnSupport
FNDA:0,encodeCredentialsForAssertion
FNDA:0,decodeCredentialsFromAssertion
FNDA:0,(anonymous_7)
FNDA:0,decodeCredentialRequestOptions
FNDA:0,(anonymous_9)
FNDA:0,string2buffer
FNDA:0,(anonymous_11)
FNDA:0,bufferEncode
FNDA:0,bufferDecode
FNDA:0,(anonymous_14)
FNDA:0,buffer2string
FNDA:0,getOs
FNDA:0,buildFinishRegistrationEndpoint
DA:2,0
DA:3,0
DA:4,0
DA:5,0
DA:6,0
DA:7,0
DA:8,0
DA:13,0
DA:14,0
DA:15,0
DA:16,0
DA:17,0
DA:27,0
DA:29,0
DA:30,0
DA:31,0
DA:32,0
DA:35,0
DA:36,0
DA:37,0
DA:38,0
DA:39,0
DA:40,0
DA:41,0
DA:42,0
DA:54,0
DA:60,0
DA:62,0
DA:63,0
DA:66,0
DA:69,0
DA:71,0
DA:76,0
DA:77,0
DA:78,0
DA:79,0
DA:80,0
DA:81,0
DA:82,0
DA:91,0
DA:94,0
DA:101,0
DA:102,0
DA:103,0
DA:104,0
DA:105,0
DA:107,0
DA:109,0
DA:110,0
DA:111,0
DA:113,0
DA:115,0
DA:117,0
DA:120,0
DA:121,0
DA:122,0
DA:125,0
DA:130,0
DA:131,0
DA:134,0
DA:141,0
DA:146,0
DA:148,0
DA:150,0
DA:156,0
DA:157,0
DA:158,0
DA:160,0
DA:161,0
DA:163,0
DA:165,0
DA:167,0
DA:168,0
DA:169,0
DA:170,0
DA:171,0
DA:174,0
DA:176,0
DA:179,0
DA:181,0
LF:80
LH:0
BRDA:13,0,0,0
BRDA:13,0,1,0
BRDA:35,1,0,0
BRDA:35,1,1,0
BRDA:60,2,0,0
BRDA:60,2,1,0
BRDA:60,3,0,0
BRDA:60,3,1,0
BRDA:62,4,0,0
BRDA:62,4,1,0
BRDA:101,5,0,0
BRDA:101,5,1,0
BRDA:103,6,0,0
BRDA:103,6,1,0
BRDA:104,7,0,0
BRDA:104,7,1,0
BRDA:109,8,0,0
BRDA:109,8,1,0
BRDA:157,9,0,0
BRDA:157,9,1,0
BRDA:170,10,0,0
BRDA:170,10,1,0
BRF:22
BRH:0
end_of_record
TN:
SF:sonr-webauthn/src/webauthn.ts
FN:8,(anonymous_0)
FN:11,(anonymous_1)
FN:14,(anonymous_2)
FN:23,(anonymous_3)
FN:60,(anonymous_4)
FN:96,(anonymous_5)
FN:97,(anonymous_6)
FN:109,(anonymous_7)
FN:118,(anonymous_8)
FN:140,(anonymous_9)
FN:141,(anonymous_10)
FN:150,(anonymous_11)
FN:160,(anonymous_12)
FNF:13
FNH:0
FNDA:0,(anonymous_0)
FNDA:0,(anonymous_1)
FNDA:0,(anonymous_2)
FNDA:0,(anonymous_3)
FNDA:0,(anonymous_4)
FNDA:0,(anonymous_5)
FNDA:0,(anonymous_6)
FNDA:0,(anonymous_7)
FNDA:0,(anonymous_8)
FNDA:0,(anonymous_9)
FNDA:0,(anonymous_10)
FNDA:0,(anonymous_11)
FNDA:0,(anonymous_12)
DA:2,0
DA:3,0
DA:4,0
DA:5,0
DA:6,0
DA:9,0
DA:12,0
DA:15,0
DA:24,0
DA:25,0
DA:26,0
DA:27,0
DA:33,0
DA:34,0
DA:36,0
DA:37,0
DA:38,0
DA:39,0
DA:46,0
DA:47,0
DA:61,0
DA:62,0
DA:63,0
DA:64,0
DA:65,0
DA:66,0
DA:72,0
DA:73,0
DA:74,0
DA:75,0
DA:77,0
DA:84,0
DA:85,0
DA:97,0
DA:98,0
DA:99,0
DA:100,0
DA:102,0
DA:103,0
DA:104,0
DA:105,0
DA:110,0
DA:111,0
DA:113,0
DA:114,0
DA:119,0
DA:120,0
DA:127,0
DA:128,0
DA:141,0
DA:142,0
DA:143,0
DA:144,0
DA:145,0
DA:146,0
DA:151,0
DA:152,0
DA:153,0
DA:155,0
DA:156,0
DA:161,0
DA:162,0
DA:169,0
DA:177,0
LF:64
LH:0
BRDA:33,0,0,0
BRDA:33,0,1,0
BRDA:33,1,0,0
BRDA:33,1,1,0
BRDA:36,2,0,0
BRDA:36,2,1,0
BRDA:36,3,0,0
BRDA:36,3,1,0
BRDA:65,4,0,0
BRDA:65,4,1,0
BRDA:65,5,0,0
BRDA:65,5,1,0
BRDA:72,6,0,0
BRDA:72,6,1,0
BRDA:72,7,0,0
BRDA:72,7,1,0
BRDA:74,8,0,0
BRDA:74,8,1,0
BRDA:99,9,0,0
BRDA:99,9,1,0
BRDA:105,10,0,0
BRDA:105,10,1,0
BRDA:110,11,0,0
BRDA:110,11,1,0
BRDA:110,12,0,0
BRDA:110,12,1,0
BRDA:146,13,0,0
BRDA:146,13,1,0
BRDA:152,14,0,0
BRDA:152,14,1,0
BRDA:152,15,0,0
BRDA:152,15,1,0
BRF:32
BRH:0
end_of_record
